producer_class	xtools.gsea.Gsea
producer_timestamp	1620776243562
param	zip_report	false
param	num	100
param	scoring_scheme	weighted
param	norm	meandiv
param	out	/Users/kaseylove/Desktop/20.440/project/20.440-project/GSEA
param	mode	Max_probe
param	include_only_symbols	true
param	set_max	500
param	gmx	ftp.broadinstitute.org://pub/gsea/gene_sets/c2.cp.reactome.v7.4.symbols.gmt
param	plot_top_x	20
param	nperm	1000
param	order	descending
param	rpt_label	means_all_pearson_peak_reactome
param	rnd_seed	timestamp
param	set_min	15
param	res	/Users/kaseylove/Desktop/20.440/project/20.440-project/GSEA/means_all.txt
param	chip	ftp.broadinstitute.org://pub/gsea/annotations_versioned/Mouse_Gene_Symbol_Remapping_Human_Orthologs_MSigDB.v7.4.chip
param	create_svgs	false
param	cls	/Users/kaseylove/Desktop/20.440/project/20.440-project/GSEA/labels.cls#triple_means_peak
param	sort	real
param	create_gcts	false
param	help	false
param	save_rnd_lists	false
param	median	false
param	metric	Pearson
param	make_sets	true
param	rnd_type	no_balance
param	gui	false
param	permute	gene_set
param	collapse	Collapse

file	/Users/kaseylove/Desktop/20.440/project/20.440-project/GSEA/means_all_pearson_peak_reactome.Gsea.1620776243562/index.html
